<?xml version="1.0" encoding="utf-8"?><testsuites><testsuite name="pytest" errors="0" failures="0" skipped="0" tests="13" time="0.112" timestamp="2026-02-06T15:35:49.458385" hostname="runnervmwffz4"><testcase classname="examples.python_hello_world.tests.test_tsim.TestSensorDriver" name="test_conversion_full_range" time="0.001" /><testcase classname="examples.python_hello_world.tests.test_tsim.TestSensorDriver" name="test_conversion_accuracy" time="0.001" /><testcase classname="examples.python_hello_world.tests.test_tsim.TestTemperatureFilter" name="test_filter_noise_rejection" time="0.001" /><testcase classname="examples.python_hello_world.tests.test_tsim.TestTemperatureFilter" name="test_filter_stabilization" time="0.001" /><testcase classname="examples.python_hello_world.tests.test_tsim.TestStateMachine" name="test_threshold_detection" time="0.001" /><testcase classname="examples.python_hello_world.tests.test_tsim.TestStateMachine" name="test_hysteresis_deadband" time="0.001" /><testcase classname="examples.python_hello_world.tests.test_tsim.TestStateMachine" name="test_state_output_bit" time="0.001" /><testcase classname="examples.python_hello_world.tests.test_tsim.TestTSIMIntegration" name="test_end_to_end_latency" time="0.001" /><testcase classname="examples.python_hello_world.tests.test_tsim.TestTSIMIntegration" name="test_detection_within_100ms" time="0.001" /><testcase classname="examples.python_hello_world.tests.test_tsim.TestTSIMIntegration" name="test_safe_state_recovery" time="0.001" /><testcase classname="examples.python_hello_world.tests.test_tsim.TestTSIMIntegration" name="test_error_recovery" time="0.001" /><testcase classname="examples.python_hello_world.tests.test_tsim.TestTSIMIntegration" name="test_fail_safe_on_persistent_errors" time="0.001" /><testcase classname="examples.python_hello_world.tests.test_tsim.TestConfiguration" name="test_hysteresis_constraint" time="0.001" /></testsuite></testsuites>