(INFO) Reading coverage data...
(INFO) Writing coverage report...
------------------------------------------------------------------------------
                           GCC Code Coverage Report
Directory: .
------------------------------------------------------------------------------
File                                       Lines    Exec  Cover   Missing
------------------------------------------------------------------------------
src/tsim.c                                    45      44    97%   11
------------------------------------------------------------------------------
TOTAL                                         45      44    97%
------------------------------------------------------------------------------
lines: 97.8% (44 out of 45)
functions: 100.0% (5 out of 5)
branches: 69.2% (18 out of 26)
