<?xml version='1.0' encoding='UTF-8'?>
<!DOCTYPE coverage SYSTEM 'http://cobertura.sourceforge.net/xml/coverage-04.dtd'>
<coverage line-rate="0.975" branch-rate="0.7857142857142857" lines-covered="39" lines-valid="40" branches-covered="11" branches-valid="14" complexity="0.0" timestamp="1770398198" version="gcovr 7.2">
  <sources>
    <source>.</source>
  </sources>
  <packages>
    <package name="src" line-rate="0.975" branch-rate="0.7857142857142857" complexity="0.0">
      <classes>
        <class name="tsim_cpp" filename="src/tsim.cpp" line-rate="0.975" branch-rate="0.7857142857142857" complexity="0.0">
          <methods/>
          <lines>
            <line number="15" hits="3" branch="false"/>
            <line number="16" hits="3" branch="true" condition-coverage="50% (1/2)">
              <conditions>
                <condition number="0" type="jump" coverage="50%"/>
              </conditions>
            </line>
            <line number="17" hits="0" branch="false"/>
            <line number="22" hits="3" branch="false"/>
            <line number="23" hits="3" branch="false"/>
            <line number="24" hits="3" branch="false"/>
            <line number="26" hits="3" branch="true" condition-coverage="50% (1/2)">
              <conditions>
                <condition number="0" type="jump" coverage="50%"/>
              </conditions>
            </line>
            <line number="27" hits="3" branch="false"/>
            <line number="30" hits="1" branch="false"/>
            <line number="31" hits="1" branch="true" condition-coverage="50% (1/2)">
              <conditions>
                <condition number="0" type="jump" coverage="50%"/>
              </conditions>
            </line>
            <line number="32" hits="1" branch="false"/>
            <line number="33" hits="1" branch="false"/>
            <line number="34" hits="1" branch="false"/>
            <line number="35" hits="1" branch="false"/>
            <line number="37" hits="8" branch="false"/>
            <line number="38" hits="8" branch="true" condition-coverage="100% (2/2)">
              <conditions>
                <condition number="0" type="jump" coverage="100%"/>
              </conditions>
            </line>
            <line number="39" hits="5" branch="false"/>
            <line number="40" hits="5" branch="false"/>
            <line number="41" hits="5" branch="false"/>
            <line number="42" hits="5" branch="false"/>
            <line number="43" hits="5" branch="false"/>
            <line number="46" hits="3" branch="false"/>
            <line number="47" hits="3" branch="false"/>
            <line number="48" hits="3" branch="false"/>
            <line number="49" hits="3" branch="false"/>
            <line number="50" hits="3" branch="false"/>
            <line number="52" hits="3" branch="false"/>
            <line number="53" hits="3" branch="false"/>
            <line number="56" hits="1" branch="false"/>
            <line number="57" hits="1" branch="false"/>
            <line number="58" hits="1" branch="false"/>
            <line number="59" hits="1" branch="false"/>
            <line number="60" hits="1" branch="false"/>
            <line number="62" hits="4" branch="false"/>
            <line number="63" hits="4" branch="true" condition-coverage="100% (2/2)">
              <conditions>
                <condition number="0" type="jump" coverage="100%"/>
              </conditions>
            </line>
            <line number="64" hits="2" branch="true" condition-coverage="100% (2/2)">
              <conditions>
                <condition number="0" type="jump" coverage="100%"/>
              </conditions>
            </line>
            <line number="65" hits="1" branch="false"/>
            <line number="68" hits="2" branch="true" condition-coverage="100% (2/2)">
              <conditions>
                <condition number="0" type="jump" coverage="100%"/>
              </conditions>
            </line>
            <line number="69" hits="1" branch="false"/>
            <line number="73" hits="4" branch="false"/>
          </lines>
        </class>
      </classes>
    </package>
  </packages>
</coverage>
