<?xml version='1.0' encoding='UTF-8'?>
<!DOCTYPE coverage SYSTEM 'http://cobertura.sourceforge.net/xml/coverage-04.dtd'>
<coverage line-rate="0.975" branch-rate="0.7857142857142857" lines-covered="39" lines-valid="40" branches-covered="11" branches-valid="14" complexity="0.0" timestamp="1770104772" version="gcovr 7.2">
  <sources>
    <source>.</source>
  </sources>
  <packages>
    <package name="src" line-rate="0.975" branch-rate="0.7857142857142857" complexity="0.0">
      <classes>
        <class name="tsim_cpp" filename="src/tsim.cpp" line-rate="0.975" branch-rate="0.7857142857142857" complexity="0.0">
          <methods/>
          <lines>
            <line number="8" hits="3" branch="false"/>
            <line number="9" hits="3" branch="true" condition-coverage="50% (1/2)">
              <conditions>
                <condition number="0" type="jump" coverage="50%"/>
              </conditions>
            </line>
            <line number="10" hits="0" branch="false"/>
            <line number="15" hits="3" branch="false"/>
            <line number="16" hits="3" branch="false"/>
            <line number="17" hits="3" branch="false"/>
            <line number="19" hits="3" branch="true" condition-coverage="50% (1/2)">
              <conditions>
                <condition number="0" type="jump" coverage="50%"/>
              </conditions>
            </line>
            <line number="20" hits="3" branch="false"/>
            <line number="23" hits="1" branch="false"/>
            <line number="24" hits="1" branch="true" condition-coverage="50% (1/2)">
              <conditions>
                <condition number="0" type="jump" coverage="50%"/>
              </conditions>
            </line>
            <line number="25" hits="1" branch="false"/>
            <line number="26" hits="1" branch="false"/>
            <line number="27" hits="1" branch="false"/>
            <line number="28" hits="1" branch="false"/>
            <line number="30" hits="8" branch="false"/>
            <line number="31" hits="8" branch="true" condition-coverage="100% (2/2)">
              <conditions>
                <condition number="0" type="jump" coverage="100%"/>
              </conditions>
            </line>
            <line number="32" hits="5" branch="false"/>
            <line number="33" hits="5" branch="false"/>
            <line number="34" hits="5" branch="false"/>
            <line number="35" hits="5" branch="false"/>
            <line number="36" hits="5" branch="false"/>
            <line number="39" hits="3" branch="false"/>
            <line number="40" hits="3" branch="false"/>
            <line number="41" hits="3" branch="false"/>
            <line number="42" hits="3" branch="false"/>
            <line number="43" hits="3" branch="false"/>
            <line number="45" hits="3" branch="false"/>
            <line number="46" hits="3" branch="false"/>
            <line number="49" hits="1" branch="false"/>
            <line number="50" hits="1" branch="false"/>
            <line number="51" hits="1" branch="false"/>
            <line number="52" hits="1" branch="false"/>
            <line number="53" hits="1" branch="false"/>
            <line number="55" hits="4" branch="false"/>
            <line number="56" hits="4" branch="true" condition-coverage="100% (2/2)">
              <conditions>
                <condition number="0" type="jump" coverage="100%"/>
              </conditions>
            </line>
            <line number="57" hits="2" branch="true" condition-coverage="100% (2/2)">
              <conditions>
                <condition number="0" type="jump" coverage="100%"/>
              </conditions>
            </line>
            <line number="58" hits="1" branch="false"/>
            <line number="61" hits="2" branch="true" condition-coverage="100% (2/2)">
              <conditions>
                <condition number="0" type="jump" coverage="100%"/>
              </conditions>
            </line>
            <line number="62" hits="1" branch="false"/>
            <line number="66" hits="4" branch="false"/>
          </lines>
        </class>
      </classes>
    </package>
  </packages>
</coverage>
