(INFO) Reading coverage data...
(INFO) Writing coverage report...
------------------------------------------------------------------------------
                           GCC Code Coverage Report
Directory: .
------------------------------------------------------------------------------
File                                       Lines    Exec  Cover   Missing
------------------------------------------------------------------------------
src/tsim.cpp                                  40      39    97%   17
------------------------------------------------------------------------------
TOTAL                                         40      39    97%
------------------------------------------------------------------------------
lines: 97.5% (39 out of 40)
functions: 100.0% (5 out of 5)
branches: 78.6% (11 out of 14)
