Filename                                                               Regions    Missed Regions     Cover   Functions  Missed Functions  Executed       Lines      Missed Lines     Cover    Branches   Missed Branches     Cover
----------------------------------------------------------------------------------------------------------------------------------------------------------------------------------------------------------------------------------
/home/runner/work/OSQAr/OSQAr/examples/rust_hello_world/src/lib.rs          54                 2    96.30%           5                 0   100.00%          53                 2    96.23%           0                 0         -
----------------------------------------------------------------------------------------------------------------------------------------------------------------------------------------------------------------------------------
TOTAL                                                                       54                 2    96.30%           5                 0   100.00%          53                 2    96.23%           0                 0         -
