Filename                                                               Regions    Missed Regions     Cover   Functions  Missed Functions  Executed       Lines      Missed Lines     Cover    Branches   Missed Branches     Cover
----------------------------------------------------------------------------------------------------------------------------------------------------------------------------------------------------------------------------------
/home/runner/work/OSQAr/OSQAr/examples/rust_hello_world/src/lib.rs          57                 2    96.49%           6                 0   100.00%          56                 2    96.43%           0                 0         -
----------------------------------------------------------------------------------------------------------------------------------------------------------------------------------------------------------------------------------
TOTAL                                                                       57                 2    96.49%           6                 0   100.00%          56                 2    96.43%           0                 0         -
